<?xml version="1.0" encoding="UTF-8"?>
<testng-results skipped="0" failed="0" total="1" passed="1">
  <reporter-output>
  </reporter-output>
  <suite name="Suite" duration-ms="48877" started-at="2018-06-07T19:03:58Z" finished-at="2018-06-07T19:04:47Z">
    <groups>
    </groups>
    <test name="Test" duration-ms="48877" started-at="2018-06-07T19:03:58Z" finished-at="2018-06-07T19:04:47Z">
      <class name="Academy.HomePage">
        <test-method status="PASS" signature="basePageNavigation()[pri:0, instance:Academy.HomePage@22f71333]" name="basePageNavigation" duration-ms="48792" started-at="2018-06-08T00:33:58Z" finished-at="2018-06-08T00:34:47Z">
          <reporter-output>
          </reporter-output>
        </test-method> <!-- basePageNavigation -->
      </class> <!-- Academy.HomePage -->
    </test> <!-- Test -->
  </suite> <!-- Suite -->
</testng-results>
