<?xml version="1.0" encoding="UTF-8"?>
<testng-results skipped="0" failed="0" total="1" passed="1">
  <reporter-output>
  </reporter-output>
  <suite name="Suite" duration-ms="13322" started-at="2018-06-07T19:02:54Z" finished-at="2018-06-07T19:03:07Z">
    <groups>
    </groups>
    <test name="Test" duration-ms="13322" started-at="2018-06-07T19:02:54Z" finished-at="2018-06-07T19:03:07Z">
      <class name="Academy.HomePage">
        <test-method status="PASS" signature="basePageNavigation()[pri:0, instance:Academy.HomePage@6cc4c815]" name="basePageNavigation" duration-ms="13246" started-at="2018-06-08T00:32:54Z" finished-at="2018-06-08T00:33:07Z">
          <reporter-output>
          </reporter-output>
        </test-method> <!-- basePageNavigation -->
      </class> <!-- Academy.HomePage -->
    </test> <!-- Test -->
  </suite> <!-- Suite -->
</testng-results>
